# JRE version: OpenJDK Runtime Environment Temurin-17.0.6+10 (17.0.6+10) (build 17.0.6+10)
# Java VM: OpenJDK 64-Bit Server VM Temurin-17.0.6+10 (17.0.6+10, mixed mode, emulated-client, tiered, compressed oops, compressed class ptrs, g1 gc, windows-amd64)
GC Precious Log:
 CPUs: 8 total, 8 available
 Memory: 16072M
 Large Page Support: Disabled
 NUMA Support: Disabled
 Compressed Oops: Enabled (32-bit)
 Heap Region Size: 1M
 Heap Min Capacity: 8M
 Heap Initial Capacity: 252M
 Heap Max Capacity: 1G
 Pre-touch: Disabled
 Parallel Workers: 8
 Concurrent Workers: 2
 Concurrent Refinement Workers: 8
 Periodic GC: Disabled
Heap:
 garbage-first heap   total 225280K, used 66675K [0x00000000c0000000, 0x0000000100000000)
  region size 1024K, 1 young (1024K), 0 survivors (0K)
 Metaspace       used 69624K, committed 70400K, reserved 1114112K
  class space    used 9470K, committed 9792K, reserved 1048576K
GC Heap History (20 events):
Event: 7142.292 GC heap before
{Heap before GC invocations=710 (full 671):
 garbage-first heap   total 225280K, used 66675K [0x00000000c0000000, 0x0000000100000000)
  region size 1024K, 1 young (1024K), 0 survivors (0K)
 Metaspace       used 69624K, committed 70400K, reserved 1114112K
  class space    used 9470K, committed 9792K, reserved 1048576K
}
Event: 7142.327 GC heap after
{Heap after GC invocations=711 (full 672):
 garbage-first heap   total 225280K, used 66675K [0x00000000c0000000, 0x0000000100000000)
  region size 1024K, 0 young (0K), 0 survivors (0K)
 Metaspace       used 69624K, committed 70400K, reserved 1114112K
  class space    used 9470K, committed 9792K, reserved 1048576K
}
Event: 7152.468 GC heap before
{Heap before GC invocations=711 (full 672):
 garbage-first heap   total 225280K, used 66675K [0x00000000c0000000, 0x0000000100000000)
  region size 1024K, 1 young (1024K), 0 survivors (0K)
 Metaspace       used 69624K, committed 70400K, reserved 1114112K
  class space    used 9470K, committed 9792K, reserved 1048576K
}
Event: 7152.508 GC heap after
{Heap after GC invocations=712 (full 673):
 garbage-first heap   total 225280K, used 66675K [0x00000000c0000000, 0x0000000100000000)
  region size 1024K, 0 young (0K), 0 survivors (0K)
 Metaspace       used 69624K, committed 70400K, reserved 1114112K
  class space    used 9470K, committed 9792K, reserved 1048576K
}
Event: 7162.651 GC heap before
{Heap before GC invocations=712 (full 673):
 garbage-first heap   total 225280K, used 66675K [0x00000000c0000000, 0x0000000100000000)
  region size 1024K, 1 young (1024K), 0 survivors (0K)
 Metaspace       used 69624K, committed 70400K, reserved 1114112K
  class space    used 9470K, committed 9792K, reserved 1048576K
}
Event: 7162.690 GC heap after
{Heap after GC invocations=713 (full 674):
 garbage-first heap   total 225280K, used 66675K [0x00000000c0000000, 0x0000000100000000)
  region size 1024K, 0 young (0K), 0 survivors (0K)
 Metaspace       used 69624K, committed 70400K, reserved 1114112K
  class space    used 9470K, committed 9792K, reserved 1048576K
}
Event: 7172.820 GC heap before
{Heap before GC invocations=713 (full 674):
 garbage-first heap   total 225280K, used 66675K [0x00000000c0000000, 0x0000000100000000)
  region size 1024K, 1 young (1024K), 0 survivors (0K)
 Metaspace       used 69624K, committed 70400K, reserved 1114112K
  class space    used 9470K, committed 9792K, reserved 1048576K
}
Event: 7172.857 GC heap after
{Heap after GC invocations=714 (full 675):
 garbage-first heap   total 225280K, used 66675K [0x00000000c0000000, 0x0000000100000000)
  region size 1024K, 0 young (0K), 0 survivors (0K)
 Metaspace       used 69624K, committed 70400K, reserved 1114112K
  class space    used 9470K, committed 9792K, reserved 1048576K
}
Event: 7182.989 GC heap before
{Heap before GC invocations=714 (full 675):
 garbage-first heap   total 225280K, used 66675K [0x00000000c0000000, 0x0000000100000000)
  region size 1024K, 1 young (1024K), 0 survivors (0K)
 Metaspace       used 69624K, committed 70400K, reserved 1114112K
  class space    used 9470K, committed 9792K, reserved 1048576K
}
Event: 7183.026 GC heap after
{Heap after GC invocations=715 (full 676):
 garbage-first heap   total 225280K, used 66675K [0x00000000c0000000, 0x0000000100000000)
  region size 1024K, 0 young (0K), 0 survivors (0K)
 Metaspace       used 69624K, committed 70400K, reserved 1114112K
  class space    used 9470K, committed 9792K, reserved 1048576K
}
Event: 7193.160 GC heap before
{Heap before GC invocations=715 (full 676):
 garbage-first heap   total 225280K, used 66675K [0x00000000c0000000, 0x0000000100000000)
  region size 1024K, 1 young (1024K), 0 survivors (0K)
 Metaspace       used 69624K, committed 70400K, reserved 1114112K
  class space    used 9470K, committed 9792K, reserved 1048576K
}
Event: 7193.199 GC heap after
{Heap after GC invocations=716 (full 677):
 garbage-first heap   total 225280K, used 66675K [0x00000000c0000000, 0x0000000100000000)
  region size 1024K, 0 young (0K), 0 survivors (0K)
 Metaspace       used 69624K, committed 70400K, reserved 1114112K
  class space    used 9470K, committed 9792K, reserved 1048576K
}
Event: 7203.328 GC heap before
{Heap before GC invocations=716 (full 677):
 garbage-first heap   total 225280K, used 66675K [0x00000000c0000000, 0x0000000100000000)
  region size 1024K, 1 young (1024K), 0 survivors (0K)
 Metaspace       used 69624K, committed 70400K, reserved 1114112K
  class space    used 9470K, committed 9792K, reserved 1048576K
}
Event: 7203.368 GC heap after
{Heap after GC invocations=717 (full 678):
 garbage-first heap   total 225280K, used 66675K [0x00000000c0000000, 0x0000000100000000)
  region size 1024K, 0 young (0K), 0 survivors (0K)
 Metaspace       used 69624K, committed 70400K, reserved 1114112K
  class space    used 9470K, committed 9792K, reserved 1048576K
}
Event: 7213.500 GC heap before
{Heap before GC invocations=717 (full 678):
 garbage-first heap   total 225280K, used 66675K [0x00000000c0000000, 0x0000000100000000)
  region size 1024K, 1 young (1024K), 0 survivors (0K)
 Metaspace       used 69624K, committed 70400K, reserved 1114112K
  class space    used 9470K, committed 9792K, reserved 1048576K
}
Event: 7213.536 GC heap after
{Heap after GC invocations=718 (full 679):
 garbage-first heap   total 225280K, used 66675K [0x00000000c0000000, 0x0000000100000000)
  region size 1024K, 0 young (0K), 0 survivors (0K)
 Metaspace       used 69624K, committed 70400K, reserved 1114112K
  class space    used 9470K, committed 9792K, reserved 1048576K
}
Event: 7223.673 GC heap before
{Heap before GC invocations=718 (full 679):
 garbage-first heap   total 225280K, used 66675K [0x00000000c0000000, 0x0000000100000000)
  region size 1024K, 1 young (1024K), 0 survivors (0K)
 Metaspace       used 69624K, committed 70400K, reserved 1114112K
  class space    used 9470K, committed 9792K, reserved 1048576K
}
Event: 7223.714 GC heap after
{Heap after GC invocations=719 (full 680):
 garbage-first heap   total 225280K, used 66675K [0x00000000c0000000, 0x0000000100000000)
  region size 1024K, 0 young (0K), 0 survivors (0K)
 Metaspace       used 69624K, committed 70400K, reserved 1114112K
  class space    used 9470K, committed 9792K, reserved 1048576K
}
Event: 7233.867 GC heap before
{Heap before GC invocations=719 (full 680):
 garbage-first heap   total 225280K, used 66675K [0x00000000c0000000, 0x0000000100000000)
  region size 1024K, 1 young (1024K), 0 survivors (0K)
 Metaspace       used 69624K, committed 70400K, reserved 1114112K
  class space    used 9470K, committed 9792K, reserved 1048576K
}
Event: 7233.909 GC heap after
{Heap after GC invocations=720 (full 681):
 garbage-first heap   total 225280K, used 66675K [0x00000000c0000000, 0x0000000100000000)
  region size 1024K, 0 young (0K), 0 survivors (0K)
 Metaspace       used 69624K, committed 70400K, reserved 1114112K
  class space    used 9470K, committed 9792K, reserved 1048576K
}

